<?xml version="1.0" encoding="UTF-8"?>
<!-- Generated by org.testng.reporters.JUnitXMLReporter -->
<testsuite hostname="Home_Laptop" ignored="1" name="Default test" tests="2" failures="0" timestamp="07 Oct 2022 07:49:56 GMT" time="25.105" errors="0">
  <testcase name="AddingPoductToCart" time="8.186" classname="wealus.FrameWorkDevelopment.FrameWork"/>
  <testcase name="AddingPoductToCart" time="8.114" classname="wealus.FrameWorkDevelopment.FrameWork"/>
  <testcase name="verifyOrderHistory" time="0.0" classname="wealus.FrameWorkDevelopment.FrameWork">
    <ignored/>
  </testcase> <!-- verifyOrderHistory -->
</testsuite> <!-- Default test -->
