<?xml version="1.0" encoding="UTF-8"?>
<testng-results skipped="0" failed="0" ignored="0" total="2" passed="2">
  <reporter-output>
  </reporter-output>
  <suite name="Default suite" duration-ms="11515" started-at="2022-10-13T07:29:56Z" finished-at="2022-10-13T07:30:08Z">
    <groups>
    </groups>
    <test name="Default test" duration-ms="11515" started-at="2022-10-13T07:29:56Z" finished-at="2022-10-13T07:30:08Z">
      <class name="extentReportsemo.ExtentReportsDemo">
        <test-method status="PASS" signature="config()[pri:0, instance:extentReportsemo.ExtentReportsDemo@1700915]" name="config" is-config="true" duration-ms="207" started-at="2022-10-13T07:29:56Z" finished-at="2022-10-13T07:29:56Z">
          <reporter-output>
          </reporter-output>
        </test-method> <!-- config -->
        <test-method status="PASS" signature="sampleTest()[pri:0, instance:extentReportsemo.ExtentReportsDemo@1700915]" name="sampleTest" duration-ms="6595" started-at="2022-10-13T07:29:56Z" finished-at="2022-10-13T07:30:03Z">
          <reporter-output>
          </reporter-output>
        </test-method> <!-- sampleTest -->
        <test-method status="PASS" signature="sampleTest2()[pri:0, instance:extentReportsemo.ExtentReportsDemo@1700915]" name="sampleTest2" duration-ms="4695" started-at="2022-10-13T07:30:03Z" finished-at="2022-10-13T07:30:08Z">
          <reporter-output>
          </reporter-output>
        </test-method> <!-- sampleTest2 -->
      </class> <!-- extentReportsemo.ExtentReportsDemo -->
    </test> <!-- Default test -->
  </suite> <!-- Default suite -->
</testng-results>
