<?xml version="1.0" encoding="UTF-8"?>
<testng-results skipped="0" failed="0" ignored="0" total="1" passed="1">
  <reporter-output>
  </reporter-output>
  <suite name="Default suite" duration-ms="13873" started-at="2022-09-29T09:19:39Z" finished-at="2022-09-29T09:19:53Z">
    <groups>
    </groups>
    <test name="Default test" duration-ms="13873" started-at="2022-09-29T09:19:39Z" finished-at="2022-09-29T09:19:53Z">
      <class name="wealus.FrameWorkDevelopment.FrameWork">
        <test-method status="PASS" signature="launchApplication()[pri:0, instance:wealus.FrameWorkDevelopment.FrameWork@6580cfdd]" name="launchApplication" is-config="true" duration-ms="6189" started-at="2022-09-29T09:19:39Z" finished-at="2022-09-29T09:19:45Z">
          <reporter-output>
          </reporter-output>
        </test-method> <!-- launchApplication -->
        <test-method status="PASS" signature="AddingPoductToCart()[pri:0, instance:wealus.FrameWorkDevelopment.FrameWork@6580cfdd]" name="AddingPoductToCart" duration-ms="7664" started-at="2022-09-29T09:19:45Z" finished-at="2022-09-29T09:19:53Z">
          <reporter-output>
          </reporter-output>
        </test-method> <!-- AddingPoductToCart -->
      </class> <!-- wealus.FrameWorkDevelopment.FrameWork -->
    </test> <!-- Default test -->
  </suite> <!-- Default suite -->
</testng-results>
